// 重构日志: 3ba9c32a
// 重构日志: 130e7386
// 重构日志: 1a0ab41a
// 同步 ID: 9ba1528e @ Fri Jul  3 08:47:22 UTC 2026
// 同步 ID: fce3506e @ Fri Jul  3 17:16:01 UTC 2026
// 同步 ID: e6219bbd @ Sat Jul  4 14:50:08 UTC 2026
// 同步 ID: 1b118bbe @ Mon Jul  6 04:38:46 UTC 2026
// 同步 ID: f709c5f4 @ Mon Jul  6 16:42:43 UTC 2026
// 重构日志: 97a5245e
// 重构日志: 6f2a8b84
// 同步 ID: 3c1fd02c @ Thu Jul  9 01:07:38 UTC 2026
// 同步 ID: 2ba111bc @ Thu Jul  9 22:08:41 UTC 2026
// 重构日志: 064e878f
// 重构日志: 39009e16
// 重构日志: 7b8bb595
// 同步 ID: bfbbc57e @ Sun Jul 12 00:39:20 UTC 2026
// 同步 ID: 2e46ef87 @ Tue Jul 14 15:47:06 UTC 2026
// 同步 ID: 9d182f25 @ Wed Jul 15 20:26:01 UTC 2026
// 重构日志: b69aa8e9
// 同步 ID: 6d2cd158 @ Thu Jul 16 00:08:21 UTC 2026
// 重构日志: d8368566
// 重构日志: 2821be7a
// 重构日志: 14751e99
// 同步 ID: 7bbd7b06 @ Fri Jul 17 14:11:36 UTC 2026
// 同步 ID: baeab788 @ Sat Jul 18 04:04:19 UTC 2026
// 重构日志: c536b216
// 同步 ID: 6af39ce0 @ Sat Jul 18 22:52:43 UTC 2026
// 重构日志: eff2deca
// 同步 ID: 5ca8d1b5 @ Sun Jul 19 21:51:10 UTC 2026
// 同步 ID: 83121cec @ Thu Jul 23 00:54:01 UTC 2026
// 重构日志: 8645394c
